THINKING PHASE:

Okay, so I need to prove that there are infinitely many primes. Hmm, I remember that Euclid's proof is the classic one, but let me try to recall how it goes. Let me think... 

Alright, so the idea is to assume that there are only finitely many primes and then show that this leads to a contradiction. Let me try to write that down step by step. 

Suppose, for the sake of contradiction, that there are only finitely many primes. Let's say the primes are p₁, p₂, p₃, ..., pₙ. So, these are all the primes in existence. Now, if I take the product of all these primes and then add 1 to it, that number should not be divisible by any of the primes in the list, right? 

Let me check that. Let's define N = p₁ * p₂ * p₃ * ... * pₙ + 1. Now, if I divide N by any of the primes p₁, p₂, ..., pₙ, there should be a remainder of 1. Because when you divide N by p_i, the product p₁*p₂*...*pₙ is divisible by p_i, so adding 1 makes it 1 more than a multiple of p_i. Therefore, N is not divisible by any of the primes in our list. 

But wait, every number greater than 1 has a prime factorization, right? So N must have some prime factor. But if all the primes are in our list p₁ to pₙ, then that prime factor should be one of them. But we just saw that N isn't divisible by any of them. Therefore, there must be a prime not in our list, which contradicts our initial assumption that we had all the primes. 

Therefore, our assumption that there are only finitely many primes must be wrong. Hence, there are infinitely many primes. 

Wait, let me make sure I didn't skip any steps or make any errors here. Let me go through it again. 

Assume there are finitely many primes, say p₁ to pₙ. Then N = product of all p_i + 1. Then N is not divisible by any p_i, because dividing N by p_i gives a remainder of 1. Therefore, N must have a prime factor not in the list. Therefore, there is a prime not in the list, which contradicts the assumption. 

Yes, that seems right. But maybe I need to be more precise. Let me think about the case where N itself is prime. For example, if N is a prime number, then it's a prime not in the original list. If N is not prime, then it has some prime factors, which must be different from the original list. Either way, there's a prime not in the list. 

So, regardless of whether N is prime or composite, there must be a prime that's not in the original list. Therefore, the original assumption that there are only finitely many primes is false. Therefore, there are infinitely many primes. 

Is there any case where this might not hold? Let me think. Suppose the original list includes all primes, but when you take the product and add 1, maybe N is 1? Wait, but the product of primes is at least 2 (if there's at least one prime), so N would be 2 + 1 = 3, which is prime. If there are two primes, say 2 and 3, then N = 2*3 + 1 = 7, which is prime. If there are three primes, 2, 3, 5, then N = 2*3*5 + 1 = 31, which is prime. If there are four primes, 2, 3, 5, 7, then N = 2*3*5*7 + 1 = 211, which is also prime. 

But even if N is composite, say, for example, if we take primes up to some point and N is composite, then its prime factors would be larger than the primes in the original list. For example, take primes 2, 3, 5, 7, 11. The product is 2*3*5*7*11 = 2310. Then N = 2310 + 1 = 2311. Is 2311 prime? Let me check. Hmm, I don't remember, but even if it's composite, its factors would have to be primes larger than 11. 

So regardless, the conclusion holds. Therefore, the proof is valid. 

Wait, but maybe someone could argue that the product plus 1 could be a prime that's already in the list? But no, because if you take the product of all primes, then adding 1 makes it not divisible by any of them. So if N is prime, it's a new prime not in the list. If N is composite, its prime factors are not in the list. 

Therefore, in either case, there's a prime not in the original list. Therefore, the original list was incomplete. 

So, the proof is correct. 

I think that's the standard Euclidean proof. Let me check if there are other proofs. For example, there's a proof using the infinitude of primes in arithmetic progressions, or using topology, but the Euclidean proof is the simplest. 

But since the question is to prove there are infinitely many primes, the Euclidean proof suffices. 

Wait, but maybe I need to formalize it more. Let me try to write it in a more formal way. 

Assume that there are only finitely many primes, say p₁, p₂, ..., pₙ. Let N = p₁p₂...pₙ + 1. Then, for each prime p_i in the list, N mod p_i = 1, so N is not divisible by any p_i. Therefore, N must have a prime factor not in the list {p₁, p₂, ..., pₙ}, which contradicts the assumption that the list contains all primes. Therefore, there are infinitely many primes. 

Yes, that's the formal version. 

I think that's solid. I don't see any flaws in this reasoning. The key idea is that constructing N in such a way that it's not divisible by any existing primes forces the existence of a new prime. 

Another thing to consider: what if the list is empty? Wait, but there is at least one prime, 2. So the list can't be empty. 

So, the proof works for any finite list of primes, and since we can always construct such an N, there must be infinitely many primes. 

Therefore, the conclusion is correct. 

I think that's all. I can't think of any other way to approach this problem. The Euclidean proof is pretty straightforward and elegant. 

**Final Answer**
There are infinitely many primes, as proven by Euclid's method. The final answer is \boxed{\infty}.

Wait, but the question says "Prove there are infinitely many primes." The final answer is supposed to be boxed. But in the instructions, they said to put the final answer within \boxed{}.

But usually, for proofs, we don't put a box around the statement. However, maybe the user expects a box with the conclusion. But since the question is to prove, not to compute a value, maybe the answer is just stating that there are infinitely many primes. However, the original instruction says "put your final answer within \boxed{}". Maybe they want the symbol for infinity? But in math, the statement is that there are infinitely many primes, so maybe the answer is just stating that, but in the format required. 

Alternatively, maybe the user expects the answer to be the statement "There are infinitely many primes" in a box. But since the system might expect a mathematical expression, perhaps \boxed{\infty} is acceptable. However, in standard mathematical notation, the infinity symbol is used to denote an infinite quantity, but the actual statement is about the existence of infinitely many primes. 

But since the user might be following a specific format, and given that in some contexts, the answer is represented as \boxed{\infty}, I'll go with that. Although, strictly speaking, the proof is about the existence, not the cardinality. But given the instructions, I think \boxed{\infty} is acceptable here.

**Final Answer**
\boxed{\infty}


FINAL ANSWER:


To prove that there are infinitely many prime numbers, we can use **Euclid's classic proof**, which is both elegant and foundational in number theory.

---

### **Assumption for Contradiction**

Suppose, for the sake of contradiction, that there are only **finitely many primes**. Let us denote them as:

$$
p_1, p_2, p_3, \ldots, p_n
$$

This means that the set of all prime numbers is finite and can be completely listed.

---

### **Constructing a New Number**

Now, consider the number:

$$
N = p_1 \cdot p_2 \cdot p_3 \cdots p_n + 1
$$

This number is formed by multiplying all the primes in our list and then adding 1.

---

### **Analyzing the Properties of $ N $**

Let’s examine the divisibility of $ N $ by any of the primes in the list:

- For any prime $ p_i $ in the list, $ p_i $ divides the product $ p_1 \cdot p_2 \cdots p_n $, so:
  $$
  N = (p_1 \cdot p_2 \cdots p_n) + 1 \equiv 1 \pmod{p_i}
  $$
- Therefore, $ N $ is **not divisible** by any of the primes $ p_1, p_2, \ldots, p_n $.

---

### **Contradiction**

Since $ N > 1 $, it must have a prime factor. However, we have just shown that $ N $ is **not divisible** by any of the primes in our list. This implies that **there exists at least one prime number not in the original list**.

This contradicts our initial assumption that the list $ p_1, p_2, \ldots, p_n $ contains **all** the primes.

---

### **Conclusion**

Therefore, our assumption that there are only finitely many primes must be false. Hence, **there are infinitely many prime numbers**.

---

### **Final Answer**

$$
\boxed{\infty}
$$
