THINKING PHASE:

Okay, so I need to prove that there are infinitely many primes. Hmm, I remember that Euclid's proof is the classic one, but let me try to recall how it goes. Let me think... 

Alright, so the idea is to assume that there are only finitely many primes and then show that this leads to a contradiction. Let me try to write that down step by step. 

Suppose, for the sake of contradiction, that there are only finitely many primes. Let's say the primes are p₁, p₂, p₃, ..., pₙ. So, these are all the primes in existence. Now, if I take the product of all these primes and then add 1 to it, that number should not be divisible by any of the primes in the list, right? 

Let me check that. Let's define N = p₁ * p₂ * p₃ * ... * pₙ + 1. Now, if I divide N by any of the primes p₁, p₂, ..., pₙ, there should be a remainder of 1. Because when you divide N by p_i, the product p₁*p₂*...*pₙ is divisible by p_i, so adding 1 makes it leave a remainder of 1. Therefore, N is not divisible by any of the primes in our list. 

But wait, every number greater than 1 must have a prime factorization, right? So N must have some prime factor. But if all the primes are in our list p₁ to pₙ, then N must be divisible by one of them, which we just saw isn't possible. Therefore, our assumption that there are only finitely many primes must be wrong. Therefore, there must be infinitely many primes. 

Hmm, that seems right. Let me make sure I didn't skip any steps or make any errors. 

First, assuming there are finitely many primes. Then constructing N as the product of all primes plus 1. Then showing that N is not divisible by any of the primes in the list. Therefore, N must have a prime factor not in the list, which contradicts the assumption. 

Wait, but what if N itself is a prime? Then it's a prime not in the original list. So that's okay. If N is composite, then it has some prime factors, which must be different from the original list. Either way, there's a prime not in the original list. 

So that's the key point. Therefore, the original assumption that there are only finitely many primes leads to a contradiction. Therefore, there must be infinitely many primes. 

Let me think if there's another way to approach this. Maybe using something else, like the infinitude of primes in arithmetic progressions or something? But I think Euclid's proof is the standard one. 

Wait, but maybe I need to check if there's a case where N could be 1? But N is the product of all primes plus 1. If there are no primes, then N would be 1 + 1 = 2? Wait, but if we assume there are finitely many primes, then the product of all primes would be at least 2, so N would be at least 2 + 1 = 3. So N is definitely greater than 1, so it must have a prime factor. 

Another thing to check: suppose the list of primes is empty? But that's not possible because 2 is a prime. So the list can't be empty. So the assumption is that there is a finite list, which includes all primes. 

Wait, but if someone says the list is empty, then N would be 1, but that's not possible because 1 is not prime. So the list can't be empty. Therefore, the list must contain at least 2. 

So, in any case, the proof seems solid. 

Is there a way to make this more formal? Let me try to write it in a more formal mathematical way. 

Assume that there exists a finite set of primes, say P = {p₁, p₂, ..., pₙ}. Let N = (p₁ * p₂ * ... * pₙ) + 1. Then, for each prime p_i in P, N mod p_i = 1, since p_i divides the product, so N = k*p_i + 1, hence remainder 1. Therefore, N is not divisible by any p_i. 

Therefore, N must have a prime factor not in P. But this contradicts the assumption that P contains all primes. Therefore, the assumption is false, so there are infinitely many primes. 

Yes, that seems to be the standard proof. 

Wait, but maybe someone could argue that N could be a prime itself? But even if it is, that prime is not in the original list, so that's still a contradiction. If N is composite, then its prime factors are not in the original list. Either way, there's a prime not in the list. 

So, the proof holds regardless of whether N is prime or composite. 

I think that's all. I don't see any flaws in this reasoning. Maybe I can check with an example. Let's take the first few primes. 

Suppose the primes are 2, 3, 5. Then N = 2*3*5 + 1 = 30 + 1 = 31. 31 is a prime number, which is not in the original list. So that's a new prime. 

Another example: take primes 2, 3, 5, 7. Then N = 2*3*5*7 + 1 = 210 + 1 = 211. Is 211 prime? Let me check. Divided by 2? No. Divided by 3? 2+1+1=4, not divisible by 3. Divided by 5? Ends with 1, so no. Divided by 7? 7*30=210, so 211-210=1, so remainder 1. So 211 is prime. 

Another example: take primes 2, 3, 5, 7, 11. N = 2*3*5*7*11 + 1 = 2310 + 1 = 2311. Is that prime? Let me check. Divided by 2? No. Divided by 3? 2+3+1+1=7, not divisible by 3. Divided by 5? Ends with 1, no. Divided by 7? Let's see, 7*330=2310, so 2311-2310=1, so remainder 1. Divided by 11? 11*210=2310, so 2311-2310=1, remainder 1. So 2311 is prime. 

Alternatively, if N is composite, say take primes 2, 3. N = 2*3 + 1 = 7, which is prime. If I take primes 2, 3, 5, 7, 11, 13. Then N = 2*3*5*7*11*13 + 1. Let me compute that. 2*3=6, 6*5=30, 30*7=210, 210*11=2310, 2310*13=30030. Then N = 30030 + 1 = 30031. Is that prime? Let me check. Divided by 7? 7*4290=30030, so 30031-30030=1, remainder 1. Divided by 13? 13*2310=30030, same thing. Divided by 2? No. Divided by 3? 3+0+0+3+1=7, not divisible by 3. Divided by 5? Ends with 1, no. Divided by 11? Let's do the divisibility test. For 11: subtract and add digits alternately. 3 - 0 + 0 - 3 + 1 = 3 - 0 is 3, 3 - 3 is 0, 0 +1 is 1. Not divisible by 11. Divided by 17? Let me try dividing 30031 by 17. 17*1766 = 30022, 30031 - 30022 = 9. Not divisible. Divided by 19? 19*1580 = 30020, 30031 - 30020 = 11. Not divisible. Divided by 23? Let me see. 23*1305 = 23*1300 + 23*5 = 29900 + 115 = 30015. 30031 - 30015 = 16. Not divisible. Divided by 29? 29*1035 = 29*(1000 + 35) = 29000 + 1015 = 30015. Again, same as above. 30031 - 30015 = 16. Not divisible. Maybe 30031 is prime? Wait, actually, I think 30031 is 59*509? Wait, let me check. 59*500 = 29500, 59*9 = 531, so 29500 + 531 = 30031. Yes! So 59*509 = 30031. So in this case, N is composite, and its prime factors are 59 and 509, which are not in the original list of primes. So that's still a contradiction. 

Therefore, regardless of whether N is prime or composite, there's a prime not in the original list. 

Therefore, the proof holds. 

I think that's solid. So the key idea is that if you assume there are only finitely many primes, you can construct a number that's not divisible by any of them, hence must have a prime factor not in the list, which is a contradiction. 

Another thought: what if someone says that the product of all primes is 1? But no, the product of primes would be at least 2, so adding 1 gives at least 3. 

Also, the proof doesn't rely on the specific primes chosen, just that they are all primes. 

So, yeah, I think that's the proof. I don't see any holes in it. 

**Final Answer**
There are infinitely many primes, as proven by Euclid's method. \boxed{\text{There are infinitely many primes.}}


FINAL ANSWER:


To prove that there are infinitely many prime numbers, we can use a classic and elegant argument attributed to the ancient Greek mathematician Euclid. The proof is based on a **reductio ad absurdum** (proof by contradiction), which assumes the opposite of what we want to prove and shows that this assumption leads to a logical inconsistency.

---

### **Step-by-Step Proof**

1. **Assume the contrary**: Suppose there are only finitely many prime numbers. Let’s denote them as $ p_1, p_2, p_3, \ldots, p_n $, where $ n $ is some finite number.

2. **Construct a new number**: Define a new number $ N $ as the product of all these primes, plus 1:
   $$
   N = p_1 \cdot p_2 \cdot p_3 \cdots p_n + 1
   $$

3. **Analyze divisibility**: Consider any prime $ p_i $ from the list $ \{p_1, p_2, \ldots, p_n\} $. Since $ N $ is constructed as the product of all these primes plus 1, it follows that:
   $$
   N \mod p_i = 1
   $$
   This means that $ N $ is **not divisible** by any of the primes in the list.

4. **Contradiction**: Since $ N > 1 $, it must have a prime factor. However, none of the primes in the list $ \{p_1, p_2, \ldots, p_n\} $ can divide $ N $, as shown above. Therefore, $ N $ must have a prime factor that is **not** in the original list.

5. **Conclusion**: This contradicts the assumption that the list $ \{p_1, p_2, \ldots, p_n\} $ contains **all** prime numbers. Therefore, the assumption that there are only finitely many primes must be false.

---

### **Final Statement**

Hence, we conclude that there are **infinitely many prime numbers**.

$$
\boxed{\text{There are infinitely many primes.}}
$$
