THINKING PHASE:

Okay, so I need to prove that there are infinitely many primes. Hmm, I remember that Euclid's proof is the classic one, but let me try to recall how it goes. Let me think... 

Alright, so the idea is to assume that there are only finitely many primes and then show that this leads to a contradiction. Let me try to write that down step by step. 

Suppose, for the sake of contradiction, that there are only finitely many primes. Let's say the primes are p₁, p₂, p₃, ..., pₙ. So, these are all the primes in existence. Now, if I take the product of all these primes and then add 1 to it, that number should not be divisible by any of the primes in the list, right? 

Let me check that. Let's define N = p₁ * p₂ * p₃ * ... * pₙ + 1. Now, if I divide N by any of the primes p₁, p₂, ..., pₙ, there should be a remainder of 1. Because when you divide N by p_i, the product p₁*p₂*...*pₙ is divisible by p_i, so adding 1 makes it 1 more than a multiple of p_i. Therefore, N is not divisible by any of the primes in our list. 

But wait, every number greater than 1 has a prime factorization, right? So N must have some prime factor. But if all primes are in our list p₁, p₂, ..., pₙ, then that prime factor should be one of them. But we just saw that N isn't divisible by any of them. That's a contradiction. Therefore, our initial assumption that there are only finitely many primes must be wrong. Hence, there are infinitely many primes. 

Hmm, that seems right. Let me make sure I didn't skip any steps or make any errors. 

First, assuming there are finitely many primes. Then constructing N as the product of all primes plus 1. Then showing that N is not divisible by any of the primes in the list. Therefore, N must have a prime factor not in the list, which contradicts the assumption. 

Wait, but what if N itself is a prime? Then it would be a prime not in the original list. But even if N is composite, its prime factors would have to be primes not in the original list. Either way, there's a contradiction. 

So, the key idea is that N is either prime or composite, but in either case, it has a prime factor not in the original list. Therefore, the original list was incomplete, so there are infinitely many primes. 

I think that's the standard proof. Let me check if there's another way to approach it, maybe using something else. For example, maybe using the infinitude of primes in arithmetic progressions or something else, but I think Euclid's proof is the most straightforward. 

Wait, but maybe I should consider an example. Let's take the first few primes. Suppose someone claims there are only 3 primes: 2, 3, 5. Then N would be 2*3*5 + 1 = 31. 31 is a prime number, which is not in the original list. So that's a contradiction. 

Another example: suppose the primes are 2, 3, 5, 7. Then N = 2*3*5*7 + 1 = 210 + 1 = 211. Is 211 prime? Let me check. Divided by 2? No, it's odd. Divided by 3? 2+1+1=4, not divisible by 3. Divided by 5? Ends with 1, so no. Divided by 7? 7*30=210, so 211-210=1, so remainder 1. So 211 is prime. So again, it's a new prime not in the list. 

Alternatively, if I take a list where N is composite. Let's say primes are 2, 3, 5, 7, 11. Then N = 2*3*5*7*11 + 1 = 2310 + 1 = 2311. Is that prime? Let me check. Divided by 2? No. Divided by 3? 2+3+1+1=7, not divisible by 3. Divided by 5? Ends with 1, no. Divided by 7? Let me do 7*330 = 2310, so 2311 - 2310 = 1, so remainder 1. Divided by 11? 11*210 = 2310, so same thing. So 2311 is prime. 

Wait, maybe if I take a larger list? Let me try with primes up to 13. N = 2*3*5*7*11*13 + 1. Let me compute that. 2*3=6, 6*5=30, 30*7=210, 210*11=2310, 2310*13=30030. Then N = 30030 + 1 = 30031. Is 30031 prime? Let me check. Divided by 2? No. Divided by 3? 3+0+0+3+1=7, not divisible by 3. Divided by 5? Ends with 1, no. Divided by 7? Let me see. 7*4290 = 30030, so 30031 - 30030 = 1, so remainder 1. Divided by 11? Let me do the alternating sum: 3 - 0 + 0 - 3 + 1 = 1, which is not divisible by 11. Divided by 13? 13*2310 = 30030, so 30031 - 30030 = 1, remainder 1. So maybe 30031 is prime? Wait, but I think 30031 is actually 59*509? Wait, let me check. 59*500 = 29500, 59*9=531, so 29500 + 531 = 30031. Yes! So 59 and 509 are primes. Wait, but 59 is not in the original list of primes up to 13. So even though N is composite, its factors are primes not in the original list. So that still shows that there are primes not in the original list. 

So regardless of whether N is prime or composite, there's a prime factor not in the original list. Therefore, the assumption that there are finitely many primes leads to a contradiction. 

Therefore, the conclusion is that there are infinitely many primes. 

I think that's solid. Let me check if there's any possible loophole. For example, could N be 1? Well, if the original list of primes is empty, then N would be 1 + 1 = 2? Wait, no. Wait, if there are no primes, then the product is 1? Because the product over an empty set is 1. So N = 1 + 1 = 2. But then 2 is a prime, so that would mean there is at least one prime. But in that case, the original assumption was that there are finitely many primes, but if the list is empty, then N is 2, which is a prime not in the list. So that also leads to a contradiction. 

But in reality, the list can't be empty because there are primes. So the proof works for any finite list. 

Another thing to consider: what if the list includes all primes? But that's what we're trying to prove is impossible. 

So, the proof seems to hold. 

I think that's it. So the key idea is that if you assume there are finitely many primes, you can construct a number that is not divisible by any of them, hence must have a prime factor not in the list, which contradicts the assumption. Therefore, there are infinitely many primes. 

**Final Answer**
There are infinitely many primes, as proven by Euclid's argument. The final answer is \boxed{\infty}.


FINAL ANSWER:


To prove that there are infinitely many prime numbers, we can use a classic and elegant argument attributed to the ancient Greek mathematician Euclid. The proof is based on a **reductio ad absurdum** (proof by contradiction), which is a powerful method in mathematics.

---

### **Assumption for Contradiction**

Suppose, for the sake of contradiction, that there are only **finitely many prime numbers**. Let us denote these primes as:

$$
p_1, p_2, p_3, \ldots, p_n
$$

This means that the set of all prime numbers is finite and can be completely listed.

---

### **Constructing a New Number**

Now, consider the number:

$$
N = p_1 \cdot p_2 \cdot p_3 \cdots p_n + 1
$$

This number is formed by multiplying all the primes in our assumed finite list and then adding 1.

---

### **Analyzing the Properties of $ N $**

Let’s examine the divisibility of $ N $ by any of the primes in the list $ p_1, p_2, \ldots, p_n $:

- For any prime $ p_i $ in the list, $ p_i $ divides the product $ p_1 \cdot p_2 \cdots p_n $, so $ N = (p_1 \cdot p_2 \cdots p_n) + 1 $ is **not divisible** by $ p_i $, because adding 1 to a multiple of $ p_i $ results in a number that leaves a remainder of 1 when divided by $ p_i $.

Thus, $ N $ is **not divisible by any of the primes** in the list.

---

### **Contradiction**

Now, consider the fundamental theorem of arithmetic, which states that **every integer greater than 1 has a prime factorization**. Therefore, $ N $ must have at least one prime factor.

However, we have just shown that $ N $ is **not divisible by any of the primes** in our assumed finite list. Therefore, **any prime factor of $ N $ must be a prime not in the list**.

This contradicts our initial assumption that the list $ p_1, p_2, \ldots, p_n $ contains **all** the primes.

---

### **Conclusion**

Since our assumption that there are only finitely many primes leads to a contradiction, we must conclude that **there are infinitely many prime numbers**.

---

### **Final Answer**

$$
\boxed{\infty}
$$
